{
  message: 'Connected to Mongoose Database Successfully',
  level: 'info',
  service: 'DbService',
  timestamp: '2024-05-21T10:57:16.619Z'
}
{
  message: 'Connected to Mongoose Database Successfully',
  level: 'info',
  service: 'DbService',
  timestamp: '2024-05-21T10:58:14.437Z'
}
{
  message: 'Connected to Mongoose Database Successfully',
  level: 'info',
  service: 'DbService',
  timestamp: '2024-05-21T10:58:47.195Z'
}
{
  message: 'Connected to Mongoose Database Successfully',
  level: 'info',
  service: 'DbService',
  timestamp: '2024-05-21T10:58:49.548Z'
}
{
  message: 'Connected to Mongoose Database Successfully',
  level: 'info',
  service: 'DbService',
  timestamp: '2024-05-21T10:59:10.967Z'
}
{
  message: 'Connected to Mongoose Database Successfully',
  level: 'info',
  service: 'DbService',
  timestamp: '2024-05-21T11:10:46.358Z'
}
{
  message: 'Connected to Mongoose Database Successfully',
  level: 'info',
  service: 'DbService',
  timestamp: '2024-05-21T11:10:58.423Z'
}
{
  message: 'Connected to Mongoose Database Successfully',
  level: 'info',
  service: 'DbService',
  timestamp: '2024-05-21T11:11:43.963Z'
}
{
  message: 'Connected to Mongoose Database Successfully',
  level: 'info',
  service: 'DbService',
  timestamp: '2024-05-21T11:12:13.882Z'
}
{
  message: 'Connected to Mongoose Database Successfully',
  level: 'info',
  service: 'DbService',
  timestamp: '2024-05-21T11:13:16.315Z'
}
{
  message: 'Connected to Mongoose Database Successfully',
  level: 'info',
  service: 'DbService',
  timestamp: '2024-05-21T11:13:24.278Z'
}
{
  message: 'Connected to Mongoose Database Successfully',
  level: 'info',
  service: 'DbService',
  timestamp: '2024-05-21T11:13:42.100Z'
}
{
  message: 'Connected to Mongoose Database Successfully',
  level: 'info',
  service: 'DbService',
  timestamp: '2024-05-21T11:13:53.866Z'
}
{
  message: 'Connected to Mongoose Database Successfully',
  level: 'info',
  service: 'DbService',
  timestamp: '2024-05-21T11:14:03.671Z'
}
{
  message: 'Connected to Mongoose Database Successfully',
  level: 'info',
  service: 'DbService',
  timestamp: '2024-05-21T11:14:11.281Z'
}
{
  message: 'Connected to Mongoose Database Successfully',
  level: 'info',
  service: 'DbService',
  timestamp: '2024-05-21T11:14:15.274Z'
}
{
  message: 'Connected to Mongoose Database Successfully',
  level: 'info',
  service: 'DbService',
  timestamp: '2024-05-21T11:14:26.216Z'
}
{
  message: 'Connected to Mongoose Database Successfully',
  level: 'info',
  service: 'DbService',
  timestamp: '2024-05-21T11:14:58.401Z'
}
{
  message: 'Connected to Mongoose Database Successfully',
  level: 'info',
  service: 'DbService',
  timestamp: '2024-05-21T11:15:03.477Z'
}
{
  message: 'Connected to Mongoose Database Successfully',
  level: 'info',
  service: 'DbService',
  timestamp: '2024-05-21T11:15:09.561Z'
}
{
  message: 'Connected to Mongoose Database Successfully',
  level: 'info',
  service: 'DbService',
  timestamp: '2024-05-21T11:15:33.494Z'
}
{
  message: 'Connected to Mongoose Database Successfully',
  level: 'info',
  service: 'DbService',
  timestamp: '2024-05-21T11:16:16.982Z'
}
{
  message: 'Connected to Mongoose Database Successfully',
  level: 'info',
  service: 'DbService',
  timestamp: '2024-05-21T11:16:32.099Z'
}
{
  message: 'Connected to Mongoose Database Successfully',
  level: 'info',
  service: 'DbService',
  timestamp: '2024-05-21T11:16:49.174Z'
}
{
  message: 'Connected to Mongoose Database Successfully',
  level: 'info',
  service: 'DbService',
  timestamp: '2024-05-21T11:19:05.386Z'
}
{
  message: 'Connected to Mongoose Database Successfully',
  level: 'info',
  service: 'DbService',
  timestamp: '2024-05-21T11:19:12.345Z'
}
{
  message: 'Connected to Mongoose Database Successfully',
  level: 'info',
  service: 'DbService',
  timestamp: '2024-05-21T11:19:22.143Z'
}
{
  message: 'Connected to Mongoose Database Successfully',
  level: 'info',
  service: 'DbService',
  timestamp: '2024-05-21T11:19:25.719Z'
}
{
  message: 'Connected to Mongoose Database Successfully',
  level: 'info',
  service: 'DbService',
  timestamp: '2024-05-21T11:22:16.393Z'
}
{
  message: 'Connected to Mongoose Database Successfully',
  level: 'info',
  service: 'DbService',
  timestamp: '2024-05-21T11:22:26.213Z'
}
{
  message: 'Connected to Mongoose Database Successfully',
  level: 'info',
  service: 'DbService',
  timestamp: '2024-05-21T11:22:30.960Z'
}
{
  message: 'Connected to Mongoose Database Successfully',
  level: 'info',
  service: 'DbService',
  timestamp: '2024-05-21T11:22:33.510Z'
}
{
  message: 'Connected to Mongoose Database Successfully',
  level: 'info',
  service: 'DbService',
  timestamp: '2024-05-21T11:22:48.795Z'
}
{
  message: 'Connected to Mongoose Database Successfully',
  level: 'info',
  service: 'DbService',
  timestamp: '2024-05-21T11:22:53.874Z'
}
{
  message: 'Database Connection Failed!!!',
  level: 'error',
  service: 'DbService',
  timestamp: '2024-05-28T15:50:15.026Z'
}
{
  message: 'Database Connection Failed!!!',
  level: 'error',
  service: 'DbService',
  timestamp: '2024-05-28T15:51:55.620Z'
}
