{
  meta: {
    req: {
      url: '/v1/user/get',
      headers: {
        authorization: 'Bearer eyJhbGciOiJIUzI1NiIsInR5cCI6IkpXVCJ9.eyJ1c2VyIjp7Il9pZCI6IjY2NDYyNTFhOGQ1OGJlNzE3MjRmOTNkZCIsImVtYWlsIjoiaGFycnlAZ21haWwuY29tIn0sImlhdCI6MTcxNTg3NTk1MH0.0HHTw8TX9urJ65vk6ZOoB6pKvvlXdcQHtutPcmN1EYA',
        'user-agent': 'PostmanRuntime/7.37.3',
        accept: '*/*',
        'postman-token': '3affb747-6acf-4e4c-b5d0-f898b7880ea4',
        host: 'localhost:8000',
        'accept-encoding': 'gzip, deflate, br',
        connection: 'keep-alive'
      },
      method: 'GET',
      httpVersion: '1.1',
      originalUrl: '/v1/user/get',
      query: {}
    },
    res: { statusCode: 200 },
    responseTime: 29
  },
  level: 'info',
  message: 'HTTP GET /v1/user/get',
  timestamp: '2024-05-21T10:59:40.582Z'
}
{
  meta: {
    req: {
      url: '/v1/user/get',
      headers: {
        authorization: 'Bearer eyJhbGciOiJIUzI1NiIsInR5cCI6IkpXVCJ9.eyJ1c2VyIjp7Il9pZCI6IjY2NDYyNTFhOGQ1OGJlNzE3MjRmOTNkZCIsImVtYWlsIjoiaGFycnlAZ21haWwuY29tIn0sImlhdCI6MTcxNTg3NTk1MH0.0HHTw8TX9urJ65vk6ZOoB6pKvvlXdcQHtutPcmN1EYA',
        'user-agent': 'PostmanRuntime/7.37.3',
        accept: '*/*',
        'postman-token': '30b0e9cc-ffe7-4bef-9b4f-6c42cd8b5c4a',
        host: 'localhost:8000',
        'accept-encoding': 'gzip, deflate, br',
        connection: 'keep-alive'
      },
      method: 'GET',
      httpVersion: '1.1',
      originalUrl: '/v1/user/get',
      query: {}
    },
    res: { statusCode: 200 },
    responseTime: 28
  },
  level: 'info',
  message: 'HTTP GET /v1/user/get',
  timestamp: '2024-05-21T11:10:49.464Z'
}
{
  meta: {
    req: {
      url: '/v1/user/get',
      headers: {
        authorization: 'Bearer eyJhbGciOiJIUzI1NiIsInR5cCI6IkpXVCJ9.eyJ1c2VyIjp7Il9pZCI6IjY2NDYyNTFhOGQ1OGJlNzE3MjRmOTNkZCIsImVtYWlsIjoiaGFycnlAZ21haWwuY29tIn0sImlhdCI6MTcxNTg3NTk1MH0.0HHTw8TX9urJ65vk6ZOoB6pKvvlXdcQHtutPcmN1EYA',
        'user-agent': 'PostmanRuntime/7.37.3',
        accept: '*/*',
        'postman-token': 'ddfc0b53-acc3-4d16-9f02-7b24f6b45219',
        host: 'localhost:8000',
        'accept-encoding': 'gzip, deflate, br',
        connection: 'keep-alive'
      },
      method: 'GET',
      httpVersion: '1.1',
      originalUrl: '/v1/user/get',
      query: {}
    },
    res: { statusCode: 200 },
    responseTime: 8
  },
  level: 'info',
  message: 'HTTP GET /v1/user/get',
  timestamp: '2024-05-21T11:10:50.522Z'
}
{
  meta: {
    req: {
      url: '/v1/user/get',
      headers: {
        authorization: 'Bearer eyJhbGciOiJIUzI1NiIsInR5cCI6IkpXVCJ9.eyJ1c2VyIjp7Il9pZCI6IjY2NDYyNTFhOGQ1OGJlNzE3MjRmOTNkZCIsImVtYWlsIjoiaGFycnlAZ21haWwuY29tIn0sImlhdCI6MTcxNTg3NTk1MH0.0HHTw8TX9urJ65vk6ZOoB6pKvvlXdcQHtutPcmN1EYA',
        'user-agent': 'PostmanRuntime/7.37.3',
        accept: '*/*',
        'postman-token': '4919e957-666b-461e-a5ec-95d6a9dc9a07',
        host: 'localhost:8000',
        'accept-encoding': 'gzip, deflate, br',
        connection: 'keep-alive'
      },
      method: 'GET',
      httpVersion: '1.1',
      originalUrl: '/v1/user/get',
      query: {}
    },
    res: { statusCode: 429 },
    responseTime: 2
  },
  level: 'warn',
  message: 'HTTP GET /v1/user/get',
  timestamp: '2024-05-21T11:10:51.337Z'
}
{
  meta: {
    req: {
      url: '/v1/blog/get/published',
      headers: {
        'user-agent': 'PostmanRuntime/7.37.3',
        accept: '*/*',
        'postman-token': 'af1a81ed-1052-4d10-b709-2190d1d1cfc0',
        host: 'localhost:8000',
        'accept-encoding': 'gzip, deflate, br',
        connection: 'keep-alive'
      },
      method: 'GET',
      httpVersion: '1.1',
      originalUrl: '/v1/blog/get/published',
      query: {}
    },
    res: { statusCode: 500 },
    responseTime: 7
  },
  level: 'error',
  message: 'HTTP GET /v1/blog/get/published',
  timestamp: '2024-05-21T11:15:19.355Z'
}
{
  meta: {
    req: {
      url: '/v1/blog/get/published',
      headers: {
        'user-agent': 'PostmanRuntime/7.37.3',
        accept: '*/*',
        'postman-token': '7a98239e-859b-4e4a-8706-9b1d80440ab0',
        host: 'localhost:8000',
        'accept-encoding': 'gzip, deflate, br',
        connection: 'keep-alive'
      },
      method: 'GET',
      httpVersion: '1.1',
      originalUrl: '/v1/blog/get/published',
      query: {}
    },
    res: { statusCode: 500 },
    responseTime: 1
  },
  level: 'error',
  message: 'HTTP GET /v1/blog/get/published',
  timestamp: '2024-05-21T11:15:20.375Z'
}
{
  meta: {
    req: {
      url: '/v1/blog/get/published',
      headers: {
        'user-agent': 'PostmanRuntime/7.37.3',
        accept: '*/*',
        'postman-token': '7e793f1f-6866-4a81-aacc-af54349b1673',
        host: 'localhost:8000',
        'accept-encoding': 'gzip, deflate, br',
        connection: 'keep-alive'
      },
      method: 'GET',
      httpVersion: '1.1',
      originalUrl: '/v1/blog/get/published',
      query: {}
    },
    res: { statusCode: 200 },
    responseTime: 73
  },
  level: 'info',
  message: 'HTTP GET /v1/blog/get/published',
  timestamp: '2024-05-21T11:15:34.426Z'
}
{
  meta: {
    req: {
      url: '/v1/blog/get/published',
      headers: {
        'user-agent': 'PostmanRuntime/7.37.3',
        accept: '*/*',
        'postman-token': '941e3f1f-e001-47d7-a397-7f99ada4c157',
        host: 'localhost:8000',
        'accept-encoding': 'gzip, deflate, br',
        connection: 'keep-alive'
      },
      method: 'GET',
      httpVersion: '1.1',
      originalUrl: '/v1/blog/get/published',
      query: {}
    },
    res: { statusCode: 200 },
    responseTime: 7
  },
  level: 'info',
  message: 'HTTP GET /v1/blog/get/published',
  timestamp: '2024-05-21T11:15:35.633Z'
}
{
  meta: {
    req: {
      url: '/v1/blog/get/published',
      headers: {
        'user-agent': 'PostmanRuntime/7.37.3',
        accept: '*/*',
        'postman-token': 'e1663d74-1226-4ca1-8a37-00699c3dce87',
        host: 'localhost:8000',
        'accept-encoding': 'gzip, deflate, br',
        connection: 'keep-alive'
      },
      method: 'GET',
      httpVersion: '1.1',
      originalUrl: '/v1/blog/get/published',
      query: {}
    },
    res: { statusCode: 200 },
    responseTime: 3
  },
  level: 'info',
  message: 'HTTP GET /v1/blog/get/published',
  timestamp: '2024-05-21T11:15:37.083Z'
}
{
  meta: {
    req: {
      url: '/v1/blog/get/published',
      headers: {
        'user-agent': 'PostmanRuntime/7.37.3',
        accept: '*/*',
        'postman-token': 'd0c7b5e6-1f0d-4d76-bde9-b57eb9f814d7',
        host: 'localhost:8000',
        'accept-encoding': 'gzip, deflate, br',
        connection: 'keep-alive'
      },
      method: 'GET',
      httpVersion: '1.1',
      originalUrl: '/v1/blog/get/published',
      query: {}
    },
    res: { statusCode: 200 },
    responseTime: 5
  },
  level: 'info',
  message: 'HTTP GET /v1/blog/get/published',
  timestamp: '2024-05-21T11:15:38.059Z'
}
{
  meta: {
    req: {
      url: '/v1/blog/get/published',
      headers: {
        'user-agent': 'PostmanRuntime/7.37.3',
        accept: '*/*',
        'postman-token': 'fc9217a6-a873-4a77-9bc8-9a093a382a56',
        host: 'localhost:8000',
        'accept-encoding': 'gzip, deflate, br',
        connection: 'keep-alive'
      },
      method: 'GET',
      httpVersion: '1.1',
      originalUrl: '/v1/blog/get/published',
      query: {}
    },
    res: { statusCode: 200 },
    responseTime: 4
  },
  level: 'info',
  message: 'HTTP GET /v1/blog/get/published',
  timestamp: '2024-05-21T11:15:39.269Z'
}
{
  meta: {
    req: {
      url: '/v1/blog/get/published',
      headers: {
        'user-agent': 'PostmanRuntime/7.37.3',
        accept: '*/*',
        'postman-token': 'bc4aaa93-e055-49a1-a39c-149312cc24de',
        host: 'localhost:8000',
        'accept-encoding': 'gzip, deflate, br',
        connection: 'keep-alive'
      },
      method: 'GET',
      httpVersion: '1.1',
      originalUrl: '/v1/blog/get/published',
      query: {}
    },
    res: { statusCode: 200 },
    responseTime: 4
  },
  level: 'info',
  message: 'HTTP GET /v1/blog/get/published',
  timestamp: '2024-05-21T11:15:40.494Z'
}
{
  meta: {
    req: {
      url: '/v1/blog/get/published',
      headers: {
        'user-agent': 'PostmanRuntime/7.37.3',
        accept: '*/*',
        'postman-token': 'fa3ab06f-2d45-492d-9eb5-14856c7401f8',
        host: 'localhost:8000',
        'accept-encoding': 'gzip, deflate, br',
        connection: 'keep-alive'
      },
      method: 'GET',
      httpVersion: '1.1',
      originalUrl: '/v1/blog/get/published',
      query: {}
    },
    res: { statusCode: 200 },
    responseTime: 4
  },
  level: 'info',
  message: 'HTTP GET /v1/blog/get/published',
  timestamp: '2024-05-21T11:15:41.444Z'
}
{
  meta: {
    req: {
      url: '/v1/blog/get/published',
      headers: {
        'user-agent': 'PostmanRuntime/7.37.3',
        accept: '*/*',
        'postman-token': '2d40bfe6-74fb-4529-ac28-1ff4c13a7777',
        host: 'localhost:8000',
        'accept-encoding': 'gzip, deflate, br',
        connection: 'keep-alive'
      },
      method: 'GET',
      httpVersion: '1.1',
      originalUrl: '/v1/blog/get/published',
      query: {}
    },
    res: { statusCode: 200 },
    responseTime: 5
  },
  level: 'info',
  message: 'HTTP GET /v1/blog/get/published',
  timestamp: '2024-05-21T11:15:42.150Z'
}
{
  meta: {
    req: {
      url: '/v1/blog/get/published',
      headers: {
        'user-agent': 'PostmanRuntime/7.37.3',
        accept: '*/*',
        'postman-token': 'fabd0064-dda1-4ecd-b40d-6ff8c7267bdd',
        host: 'localhost:8000',
        'accept-encoding': 'gzip, deflate, br',
        connection: 'keep-alive'
      },
      method: 'GET',
      httpVersion: '1.1',
      originalUrl: '/v1/blog/get/published',
      query: {}
    },
    res: { statusCode: 200 },
    responseTime: 3
  },
  level: 'info',
  message: 'HTTP GET /v1/blog/get/published',
  timestamp: '2024-05-21T11:15:42.896Z'
}
{
  meta: {
    req: {
      url: '/v1/blog/get/published',
      headers: {
        'user-agent': 'PostmanRuntime/7.37.3',
        accept: '*/*',
        'postman-token': '109063ff-bc91-4aa7-92bd-45311a90d276',
        host: 'localhost:8000',
        'accept-encoding': 'gzip, deflate, br',
        connection: 'keep-alive'
      },
      method: 'GET',
      httpVersion: '1.1',
      originalUrl: '/v1/blog/get/published',
      query: {}
    },
    res: { statusCode: 200 },
    responseTime: 4
  },
  level: 'info',
  message: 'HTTP GET /v1/blog/get/published',
  timestamp: '2024-05-21T11:15:43.599Z'
}
{
  meta: {
    req: {
      url: '/v1/blog/get/published',
      headers: {
        'user-agent': 'PostmanRuntime/7.37.3',
        accept: '*/*',
        'postman-token': 'c1f03083-183c-4502-a5ca-03c6d902afa6',
        host: 'localhost:8000',
        'accept-encoding': 'gzip, deflate, br',
        connection: 'keep-alive'
      },
      method: 'GET',
      httpVersion: '1.1',
      originalUrl: '/v1/blog/get/published',
      query: {}
    },
    res: { statusCode: 429 },
    responseTime: 1
  },
  level: 'warn',
  message: 'HTTP GET /v1/blog/get/published',
  timestamp: '2024-05-21T11:15:44.221Z'
}
{
  meta: {
    req: {
      url: '/v1/blog/get/published',
      headers: {
        'user-agent': 'PostmanRuntime/7.37.3',
        accept: '*/*',
        'postman-token': 'cbedbb77-c6f2-4407-abc3-67c9bd21deb5',
        host: 'localhost:8000',
        'accept-encoding': 'gzip, deflate, br',
        connection: 'keep-alive'
      },
      method: 'GET',
      httpVersion: '1.1',
      originalUrl: '/v1/blog/get/published',
      query: {}
    },
    res: { statusCode: 429 },
    responseTime: 0
  },
  level: 'warn',
  message: 'HTTP GET /v1/blog/get/published',
  timestamp: '2024-05-21T11:15:44.828Z'
}
{
  meta: {
    req: {
      url: '/v1/blog/get/published',
      headers: {
        'user-agent': 'PostmanRuntime/7.37.3',
        accept: '*/*',
        'postman-token': '6c880299-1582-4e74-bbf3-93ab3ddd1f8f',
        host: 'localhost:8000',
        'accept-encoding': 'gzip, deflate, br',
        connection: 'keep-alive'
      },
      method: 'GET',
      httpVersion: '1.1',
      originalUrl: '/v1/blog/get/published',
      query: {}
    },
    res: { statusCode: 429 },
    responseTime: 1
  },
  level: 'warn',
  message: 'HTTP GET /v1/blog/get/published',
  timestamp: '2024-05-21T11:15:46.833Z'
}
