{
  message: 'MongooseError: Operation `users.findOne()` buffering timed out after 10000ms\n' +
    '    at Timeout.<anonymous> (C:\\Development\\repos\\NODE\\BACKEND\\blogapi\\node_modules\\mongoose\\lib\\drivers\\node-mongodb-native\\collection.js:186:23)\n' +
    '    at listOnTimeout (node:internal/timers:573:17)\n' +
    '    at process.processTimers (node:internal/timers:514:7)',
  level: 'error',
  service: 'UserService',
  timestamp: '2024-05-28T16:42:42.589Z'
}
{
  message: 'MongooseError: Operation `users.findOne()` buffering timed out after 10000ms\n' +
    '    at Timeout.<anonymous> (C:\\Development\\repos\\NODE\\BACKEND\\blogapi\\node_modules\\mongoose\\lib\\drivers\\node-mongodb-native\\collection.js:186:23)\n' +
    '    at listOnTimeout (node:internal/timers:573:17)\n' +
    '    at process.processTimers (node:internal/timers:514:7)',
  level: 'error',
  service: 'UserService',
  timestamp: '2024-05-28T16:44:02.127Z'
}
{
  message: 'MongooseError: Operation `users.insertOne()` buffering timed out after 10000ms\n' +
    '    at Timeout.<anonymous> (C:\\Development\\repos\\NODE\\BACKEND\\blogapi\\node_modules\\mongoose\\lib\\drivers\\node-mongodb-native\\collection.js:186:23)\n' +
    '    at listOnTimeout (node:internal/timers:573:17)\n' +
    '    at process.processTimers (node:internal/timers:514:7)',
  level: 'error',
  service: 'UserService',
  timestamp: '2024-05-28T16:45:01.460Z'
}
{
  message: 'MongooseError: Operation `users.insertOne()` buffering timed out after 10000ms\n' +
    '    at Timeout.<anonymous> (C:\\Development\\repos\\NODE\\BACKEND\\blogapi\\node_modules\\mongoose\\lib\\drivers\\node-mongodb-native\\collection.js:186:23)\n' +
    '    at listOnTimeout (node:internal/timers:573:17)\n' +
    '    at process.processTimers (node:internal/timers:514:7)',
  level: 'error',
  service: 'UserService',
  timestamp: '2024-05-28T16:46:04.900Z'
}
{
  message: 'MongooseError: Operation `users.insertOne()` buffering timed out after 10000ms\n' +
    '    at Timeout.<anonymous> (C:\\Development\\repos\\NODE\\BACKEND\\blogapi\\node_modules\\mongoose\\lib\\drivers\\node-mongodb-native\\collection.js:186:23)\n' +
    '    at listOnTimeout (node:internal/timers:573:17)\n' +
    '    at process.processTimers (node:internal/timers:514:7)',
  level: 'error',
  service: 'UserService',
  timestamp: '2024-05-28T16:53:15.815Z'
}
{
  message: 'MongooseError: Operation `users.insertOne()` buffering timed out after 10000ms\n' +
    '    at Timeout.<anonymous> (C:\\Development\\repos\\NODE\\BACKEND\\blogapi\\node_modules\\mongoose\\lib\\drivers\\node-mongodb-native\\collection.js:186:23)\n' +
    '    at listOnTimeout (node:internal/timers:573:17)\n' +
    '    at process.processTimers (node:internal/timers:514:7)',
  level: 'error',
  service: 'UserService',
  timestamp: '2024-05-28T16:55:57.862Z'
}
{
  message: 'MongooseError: Operation `users.insertOne()` buffering timed out after 10000ms\n' +
    '    at Timeout.<anonymous> (C:\\Development\\repos\\NODE\\BACKEND\\blogapi\\node_modules\\mongoose\\lib\\drivers\\node-mongodb-native\\collection.js:186:23)\n' +
    '    at listOnTimeout (node:internal/timers:573:17)\n' +
    '    at process.processTimers (node:internal/timers:514:7)',
  level: 'error',
  service: 'UserService',
  timestamp: '2024-05-28T17:02:58.475Z'
}
{
  message: 'MongooseError: Operation `users.insertOne()` buffering timed out after 10000ms\n' +
    '    at Timeout.<anonymous> (C:\\Development\\repos\\NODE\\BACKEND\\blogapi\\node_modules\\mongoose\\lib\\drivers\\node-mongodb-native\\collection.js:186:23)\n' +
    '    at listOnTimeout (node:internal/timers:573:17)\n' +
    '    at process.processTimers (node:internal/timers:514:7)',
  level: 'error',
  service: 'UserService',
  timestamp: '2024-05-28T17:24:45.123Z'
}
{
  message: 'MongooseError: Operation `users.insertOne()` buffering timed out after 10000ms\n' +
    '    at Timeout.<anonymous> (C:\\Development\\repos\\NODE\\BACKEND\\blogapi\\node_modules\\mongoose\\lib\\drivers\\node-mongodb-native\\collection.js:185:23)\n' +
    '    at listOnTimeout (node:internal/timers:573:17)\n' +
    '    at process.processTimers (node:internal/timers:514:7)',
  level: 'error',
  service: 'UserService',
  timestamp: '2024-05-28T17:35:27.843Z'
}
{
  message: 'MongooseError: Operation `users.insertOne()` buffering timed out after 10000ms\n' +
    '    at Timeout.<anonymous> (C:\\Development\\repos\\NODE\\BACKEND\\blogapi\\node_modules\\mongoose\\lib\\drivers\\node-mongodb-native\\collection.js:185:23)\n' +
    '    at listOnTimeout (node:internal/timers:573:17)\n' +
    '    at process.processTimers (node:internal/timers:514:7)',
  level: 'error',
  service: 'UserService',
  timestamp: '2024-05-28T17:36:43.019Z'
}
